<?xml version="1.0" encoding="UTF-8"?>
<testng-results skipped="0" failed="0" ignored="0" total="3" passed="3">
  <reporter-output>
  </reporter-output>
  <suite name="Default suite" duration-ms="83" started-at="2018-01-09T08:35:14Z" finished-at="2018-01-09T08:35:14Z">
    <groups>
    </groups>
    <test name="Default test" duration-ms="83" started-at="2018-01-09T08:35:14Z" finished-at="2018-01-09T08:35:14Z">
      <class name="TestngDemo.DataProviderDemo">
        <test-method status="PASS" signature="testlogin(java.lang.String, java.lang.String)[pri:0, instance:TestngDemo.DataProviderDemo@6f7fd0e6]" name="testlogin" duration-ms="20" started-at="2018-01-09T14:05:14Z" data-provider="Testdata" finished-at="2018-01-09T14:05:14Z">
          <params>
            <param index="0">
              <value>
                <![CDATA[usmane]]>
              </value>
            </param>
            <param index="1">
              <value>
                <![CDATA[psw]]>
              </value>
            </param>
          </params>
          <reporter-output>
          </reporter-output>
        </test-method> <!-- testlogin -->
        <test-method status="PASS" signature="testlogin(java.lang.String, java.lang.String)[pri:0, instance:TestngDemo.DataProviderDemo@6f7fd0e6]" name="testlogin" duration-ms="5" started-at="2018-01-09T14:05:14Z" data-provider="Testdata" finished-at="2018-01-09T14:05:14Z">
          <params>
            <param index="0">
              <value>
                <![CDATA[usname1]]>
              </value>
            </param>
            <param index="1">
              <value>
                <![CDATA[psw1]]>
              </value>
            </param>
          </params>
          <reporter-output>
          </reporter-output>
        </test-method> <!-- testlogin -->
        <test-method status="PASS" signature="testlogin(java.lang.String, java.lang.String)[pri:0, instance:TestngDemo.DataProviderDemo@6f7fd0e6]" name="testlogin" duration-ms="2" started-at="2018-01-09T14:05:14Z" data-provider="Testdata" finished-at="2018-01-09T14:05:14Z">
          <params>
            <param index="0">
              <value>
                <![CDATA[suchismita567@gmail.com]]>
              </value>
            </param>
            <param index="1">
              <value>
                <![CDATA[suchi@123]]>
              </value>
            </param>
          </params>
          <reporter-output>
          </reporter-output>
        </test-method> <!-- testlogin -->
      </class> <!-- TestngDemo.DataProviderDemo -->
    </test> <!-- Default test -->
  </suite> <!-- Default suite -->
</testng-results>
